This is TeX, Version 3.14159 (Web2C 7.3.7) (format=latex 2002.11.13)  4 JUN 2003 22:09
**manual
(./manual.tex
LaTeX2e <2001/06/01>
Babel <v3.7h> and hyphenation patterns for american, french, german, ngerman, n
ohyphenation, loaded.
(/usr/share/texmf/tex/latex/base/article.cls
Document Class: article 2001/04/21 v1.4e Standard LaTeX document class
(/usr/share/texmf/tex/latex/base/size10.clo
File: size10.clo 2001/04/21 v1.4e Standard LaTeX file (size option)
)
\c@part=\count79
\c@section=\count80
\c@subsection=\count81
\c@subsubsection=\count82
\c@paragraph=\count83
\c@subparagraph=\count84
\c@figure=\count85
\c@table=\count86
\abovecaptionskip=\skip41
\belowcaptionskip=\skip42
\bibindent=\dimen102
)
(/usr/share/texmf/tex/latex/graphics/epsfig.sty
Package: epsfig 1999/02/16 v1.7a (e)psfig emulation (SPQR)

(/usr/share/texmf/tex/latex/graphics/graphicx.sty
Package: graphicx 1999/02/16 v1.0f Enhanced LaTeX Graphics (DPC,SPQR)

(/usr/share/texmf/tex/latex/graphics/keyval.sty
Package: keyval 1999/03/16 v1.13 key=value parser (DPC)
\KV@toks@=\toks14
)
(/usr/share/texmf/tex/latex/graphics/graphics.sty
Package: graphics 2001/07/07 v1.0n Standard LaTeX Graphics (DPC,SPQR)

(/usr/share/texmf/tex/latex/graphics/trig.sty
Package: trig 1999/03/16 v1.09 sin cos tan (DPC)
)
(/usr/share/texmf/tex/latex/config/graphics.cfg
File: graphics.cfg 2001/08/31 v1.1 graphics configuration of teTeX/TeXLive
)
Package graphics Info: Driver file: dvips.def on input line 80.

(/usr/share/texmf/tex/latex/graphics/dvips.def
File: dvips.def 1999/02/16 v3.0i Driver-dependant file (DPC,SPQR)
))
\Gin@req@height=\dimen103
\Gin@req@width=\dimen104
)
\epsfxsize=\dimen105
\epsfysize=\dimen106
)
(/usr/share/texmf/tex/latex/misc/a4wide.sty
Package: a4wide 1994/08/30

(/usr/share/texmf/tex/latex/ntgclass/a4.sty
Package: a4 1999/03/03 v1.2f A4 based page layout
))
No file manual.aux.
\openout1 = `manual.aux'.

LaTeX Font Info:    Checking defaults for OML/cmm/m/it on input line 6.
LaTeX Font Info:    ... okay on input line 6.
LaTeX Font Info:    Checking defaults for T1/cmr/m/n on input line 6.
LaTeX Font Info:    ... okay on input line 6.
LaTeX Font Info:    Checking defaults for OT1/cmr/m/n on input line 6.
LaTeX Font Info:    ... okay on input line 6.
LaTeX Font Info:    Checking defaults for OMS/cmsy/m/n on input line 6.
LaTeX Font Info:    ... okay on input line 6.
LaTeX Font Info:    Checking defaults for OMX/cmex/m/n on input line 6.
LaTeX Font Info:    ... okay on input line 6.
LaTeX Font Info:    Checking defaults for U/cmr/m/n on input line 6.
LaTeX Font Info:    ... okay on input line 6.
LaTeX Font Info:    External font `cmex10' loaded for size
(Font)              <12> on input line 19.
LaTeX Font Info:    External font `cmex10' loaded for size
(Font)              <8> on input line 19.
LaTeX Font Info:    External font `cmex10' loaded for size
(Font)              <6> on input line 19.
LaTeX Font Info:    External font `cmex10' loaded for size
(Font)              <7> on input line 42.
LaTeX Font Info:    External font `cmex10' loaded for size
(Font)              <5> on input line 42.

LaTeX Warning: File `EPS/sim.eps' not found on input line 46.


! LaTeX Error: File `EPS/sim.eps' not found.

See the LaTeX manual or LaTeX Companion for explanation.
Type  H <return>  for immediate help.
 ...                                              
                                                  
l.46 \psfig{file=EPS/sim.eps,width=15.0cm}
                                          
? 

! LaTeX Error: Cannot determine size of graphic in EPS/sim.eps (no BoundingBox)
.

See the LaTeX manual or LaTeX Companion for explanation.
Type  H <return>  for immediate help.
 ...                                              
                                                  
l.46 \psfig{file=EPS/sim.eps,width=15.0cm}
                                          
? 
File: EPS/sim.eps Graphic file (type eps)
<EPS/sim.eps>
Overfull \hbox (1.58186pt too wide) in paragraph at lines 45--47
[]  [] 
 []


LaTeX Warning: Reference `sim' on page 1 undefined on input line 64.


LaTeX Warning: File `EPS/2worlds.eps' not found on input line 72.


! LaTeX Error: File `EPS/2worlds.eps' not found.

See the LaTeX manual or LaTeX Companion for explanation.
Type  H <return>  for immediate help.
 ...                                              
                                                  
l.72 \psfig{file=EPS/2worlds.eps,width=12.0cm}
                                              
? 

! LaTeX Error: Cannot determine size of graphic in EPS/2worlds.eps (no Bounding
Box).

See the LaTeX manual or LaTeX Companion for explanation.
Type  H <return>  for immediate help.
 ...                                              
                                                  
l.72 \psfig{file=EPS/2worlds.eps,width=12.0cm}
                                              
? 
File: EPS/2worlds.eps Graphic file (type eps)
<EPS/2worlds.eps>

LaTeX Warning: Reference `worlds' on page 1 undefined on input line 84.

[1

] [2]

LaTeX Warning: File `EPS/Khepera_2robots.eps' not found on input line 102.


! LaTeX Error: File `EPS/Khepera_2robots.eps' not found.

See the LaTeX manual or LaTeX Companion for explanation.
Type  H <return>  for immediate help.
 ...                                              
                                                  
l.102 ...ile=EPS/Khepera_2robots.eps,width=12.0cm}
                                                  
? 

! LaTeX Error: Cannot determine size of graphic in EPS/Khepera_2robots.eps (no 
BoundingBox).

See the LaTeX manual or LaTeX Companion for explanation.
Type  H <return>  for immediate help.
 ...                                              
                                                  
l.102 ...ile=EPS/Khepera_2robots.eps,width=12.0cm}
                                                  
? 
File: EPS/Khepera_2robots.eps Graphic file (type eps)
<EPS/Khepera_2robots.eps>

LaTeX Warning: Citation `MONDADA93' on page 3 undefined on input line 109.

[3] [4]

LaTeX Warning: Reference `robots' on page 5 undefined on input line 153.


LaTeX Warning: Reference `functions_lib' on page 5 undefined on input line 169.



LaTeX Warning: Reference `dir-structure' on page 5 undefined on input line 171.


[5]
LaTeX Font Info:    Try loading font information for OMS+cmr on input line 194.

 (/usr/share/texmf/tex/latex/base/omscmr.fd
File: omscmr.fd 1999/05/25 v2.5h Standard LaTeX font definitions
)
LaTeX Font Info:    Font shape `OMS/cmr/m/n' in size <10> not available
(Font)              Font shape `OMS/cmsy/m/n' tried instead on input line 194.
 [6]

LaTeX Warning: Citation `MICHEL95' on page 7 undefined on input line 280.


LaTeX Warning: Reference `khep_serial' on page 7 undefined on input line 292.


LaTeX Warning: Citation `BRAITENBERG84' on page 7 undefined on input line 299.


LaTeX Warning: Reference `robots' on page 7 undefined on input line 318.

[7]

LaTeX Warning: Reference `graphics_functions' on page 8 undefined on input line
 388.


Underfull \vbox (badness 6396) has occurred while \output is active []

 [8]

LaTeX Warning: Reference `multi_h' on page 9 undefined on input line 396.


Underfull \hbox (badness 10000) in paragraph at lines 406--407

 []


Underfull \hbox (badness 10000) in paragraph at lines 422--423

 []

[9]
No file manual.bbl.
[10] [11] [12] [13]

LaTeX Warning: File `EPS/directory.eps' not found on input line 630.


! LaTeX Error: File `EPS/directory.eps' not found.

See the LaTeX manual or LaTeX Companion for explanation.
Type  H <return>  for immediate help.
 ...                                              
                                                  
l.630 \psfig{file=EPS/directory.eps,width=15.0cm}
                                                 
? 

! LaTeX Error: Cannot determine size of graphic in EPS/directory.eps (no Boundi
ngBox).

See the LaTeX manual or LaTeX Companion for explanation.
Type  H <return>  for immediate help.
 ...                                              
                                                  
l.630 \psfig{file=EPS/directory.eps,width=15.0cm}
                                                 
? 
File: EPS/directory.eps Graphic file (type eps)
<EPS/directory.eps>
Overfull \hbox (2.2051pt too wide) in paragraph at lines 630--631
[] 
 []

[14] [15]
Underfull \vbox (badness 10000) has occurred while \output is active []

 [16]
[17] (./manual.aux)

LaTeX Warning: There were undefined references.


LaTeX Warning: Label(s) may have changed. Rerun to get cross-references right.

 ) 
Here is how much of TeX's memory you used:
 641 strings out of 25847
 7567 string characters out of 195959
 58954 words of memory out of 384000
 3604 multiletter control sequences out of 10000+15000
 10009 words of font info for 36 fonts, out of 400000 for 1000
 14 hyphenation exceptions out of 1000
 32i,8n,21p,546b,348s stack positions out of 300i,100n,500p,50000b,4000s

Output written on manual.dvi (17 pages, 42812 bytes).
